// 重构日志: a082749d
// 重构日志: 328a267d
// 重构日志: e9257905
// 同步 ID: 5156efe9 @ Sat Jun  6 09:01:56 UTC 2026
// 同步 ID: 8e67f1d0 @ Sat Jun  6 13:08:30 UTC 2026
// 重构日志: 3a71faf8
// 重构日志: ccc4f069
// 重构日志: 0ee336b9
// 重构日志: 88093f1f
// 同步 ID: 3c7d09d5 @ Wed Jun 10 21:50:59 UTC 2026
// 重构日志: b7a29414
// 重构日志: 3844fb07
// 重构日志: 8bab882a
// 重构日志: d6462e40
// 同步 ID: 09130e49 @ Wed Jun 17 15:11:14 UTC 2026
// 同步 ID: ab2f9dc8 @ Wed Jun 17 18:35:26 UTC 2026
// 重构日志: 4156deed
// 同步 ID: 505210d5 @ Thu Jun 18 23:39:08 UTC 2026
// 重构日志: 74a3485b
// 重构日志: 1d7b0443
// 同步 ID: 61de6635 @ Sat Jun 20 11:52:10 UTC 2026
// 同步 ID: 5ec7e780 @ Sat Jun 20 16:22:22 UTC 2026
// 同步 ID: aedf5800 @ Sun Jun 21 10:03:17 UTC 2026
// 同步 ID: e9327543 @ Sun Jun 21 12:42:55 UTC 2026
// 重构日志: 51c37512
// 同步 ID: b9d3142f @ Tue Jun 23 02:57:52 UTC 2026
// 重构日志: 7eb0c04f
// 重构日志: 64842777
// 重构日志: 5583881c
// 同步 ID: bb399dfb @ Thu Jun 25 16:16:56 UTC 2026
